2023-08-09 02:21:18,219:WARNING:
'cuml' is a soft dependency and not included in the pycaret installation. Please run: `pip install cuml` to install.
2023-08-09 02:21:18,219:WARNING:
'cuml' is a soft dependency and not included in the pycaret installation. Please run: `pip install cuml` to install.
2023-08-09 02:21:18,219:WARNING:
'cuml' is a soft dependency and not included in the pycaret installation. Please run: `pip install cuml` to install.
2023-08-09 02:21:18,219:WARNING:
'cuml' is a soft dependency and not included in the pycaret installation. Please run: `pip install cuml` to install.
2023-08-09 02:21:43,303:WARNING:
'cuml' is a soft dependency and not included in the pycaret installation. Please run: `pip install cuml` to install.
2023-08-09 02:21:43,304:WARNING:
'cuml' is a soft dependency and not included in the pycaret installation. Please run: `pip install cuml` to install.
2023-08-09 02:21:43,304:WARNING:
'cuml' is a soft dependency and not included in the pycaret installation. Please run: `pip install cuml` to install.
2023-08-09 02:21:43,304:WARNING:
'cuml' is a soft dependency and not included in the pycaret installation. Please run: `pip install cuml` to install.
2023-08-09 02:21:43,931:INFO:Initializing load_model()
2023-08-09 02:21:43,931:INFO:load_model(model_name=regression_model, platform=None, authentication=None, verbose=True)
2023-08-09 02:21:44,051:WARNING:/opt/anaconda3/envs/pycaretenv/lib/python3.9/site-packages/pycaret/internal/pipeline.py:135: UserWarning: Version mismatch:
current: {'deps_info': {'pip': '23.2.1', 'setuptools': '68.0.0', 'pycaret': '3.0.4', 'IPython': '8.14.0', 'ipywidgets': '8.0.4', 'tqdm': '4.65.0', 'numpy': '1.21.6', 'pandas': '1.4.4', 'jinja2': '3.1.2', 'scipy': '1.7.3', 'joblib': '1.3.1', 'sklearn': '1.2.2', 'pyod': '1.1.0', 'imblearn': '0.9.1', 'category_encoders': '2.6.1', 'lightgbm': '4.0.0', 'numba': '0.55.2', 'requests': '2.27.1', 'matplotlib': '3.7.1', 'scikitplot': '0.3.7', 'yellowbrick': '1.5', 'plotly': '5.15.0', 'plotly-resampler': 'Not installed', 'kaleido': '0.2.1', 'schemdraw': '0.15', 'statsmodels': '0.14.0', 'sktime': '0.21.0', 'tbats': '1.1.3', 'pmdarima': '2.0.3', 'psutil': '5.9.5', 'markupsafe': '2.1.1', 'pickle5': 'Not installed', 'cloudpickle': '2.2.1', 'deprecation': '2.1.0', 'xxhash': '3.3.0', 'wurlitzer': '3.0.3'}, 'python': {'version': '3.9.17', 'machine': 'x86_64'}}
pickle: {'deps_info': {'pip': '23.2.1', 'setuptools': '68.0.0', 'pycaret': '3.0.4', 'IPython': '8.12.0', 'ipywidgets': '8.1.0', 'tqdm': '4.65.0', 'numpy': '1.23.5', 'pandas': '1.5.3', 'jinja2': '3.1.2', 'scipy': '1.11.1', 'joblib': '1.3.1', 'sklearn': '1.2.2', 'pyod': '1.1.0', 'imblearn': '0.11.0', 'category_encoders': '2.6.1', 'lightgbm': '4.0.0', 'numba': '0.57.1', 'requests': '2.31.0', 'matplotlib': '3.7.2', 'scikitplot': '0.3.7', 'yellowbrick': '1.5', 'plotly': '5.15.0', 'plotly-resampler': 'Not installed', 'kaleido': '0.2.1', 'schemdraw': '0.15', 'statsmodels': '0.14.0', 'sktime': '0.21.0', 'tbats': '1.1.3', 'pmdarima': '2.0.3', 'psutil': '5.9.0', 'markupsafe': '2.1.3', 'pickle5': 'Not installed', 'cloudpickle': '2.2.1', 'deprecation': '2.1.0', 'xxhash': '3.3.0', 'wurlitzer': 'Not installed'}, 'python': {'version': '3.9.17', 'machine': 'AMD64'}}
  warnings.warn(

